#! /usr/bin/vvp
:ivl_version "11.0 (stable)";
:ivl_delay_selection "TYPICAL";
:vpi_time_precision + 0;
:vpi_module "/usr/lib/x86_64-linux-gnu/ivl/system.vpi";
:vpi_module "/usr/lib/x86_64-linux-gnu/ivl/vhdl_sys.vpi";
:vpi_module "/usr/lib/x86_64-linux-gnu/ivl/vhdl_textio.vpi";
:vpi_module "/usr/lib/x86_64-linux-gnu/ivl/v2005_math.vpi";
:vpi_module "/usr/lib/x86_64-linux-gnu/ivl/va_math.vpi";
S_0x561e4d5e96c0 .scope module, "lab01" "lab01" 2 1;
 .timescale 0 0;
    .port_info 0 /INPUT 1 "A";
    .port_info 1 /INPUT 1 "B";
    .port_info 2 /INPUT 1 "Ci";
    .port_info 3 /OUTPUT 1 "S";
    .port_info 4 /OUTPUT 1 "Co";
o0x7f3a7ee55018 .functor BUFZ 1, C4<z>; HiZ drive
o0x7f3a7ee55048 .functor BUFZ 1, C4<z>; HiZ drive
L_0x561e4d60c120 .functor XOR 1, o0x7f3a7ee55018, o0x7f3a7ee55048, C4<0>, C4<0>;
L_0x561e4d60c1b0 .functor AND 1, o0x7f3a7ee55018, o0x7f3a7ee55048, C4<1>, C4<1>;
o0x7f3a7ee55078 .functor BUFZ 1, C4<z>; HiZ drive
L_0x561e4d60c2f0 .functor AND 1, L_0x561e4d60c120, o0x7f3a7ee55078, C4<1>, C4<1>;
L_0x561e4d60c3b0 .functor XOR 1, L_0x561e4d60c120, o0x7f3a7ee55078, C4<0>, C4<0>;
L_0x561e4d60c4a0 .functor OR 1, L_0x561e4d60c1b0, L_0x561e4d60c2f0, C4<0>, C4<0>;
v0x561e4d5e9850_0 .net "A", 0 0, o0x7f3a7ee55018;  0 drivers
v0x561e4d60bb10_0 .net "B", 0 0, o0x7f3a7ee55048;  0 drivers
v0x561e4d60bbd0_0 .net "Ci", 0 0, o0x7f3a7ee55078;  0 drivers
v0x561e4d60bc70_0 .net "Co", 0 0, L_0x561e4d60c4a0;  1 drivers
v0x561e4d60bd30_0 .net "S", 0 0, L_0x561e4d60c3b0;  1 drivers
v0x561e4d60be40_0 .net "and_1", 0 0, L_0x561e4d60c1b0;  1 drivers
v0x561e4d60bf00_0 .net "and_2", 0 0, L_0x561e4d60c2f0;  1 drivers
v0x561e4d60bfc0_0 .net "xor_1", 0 0, L_0x561e4d60c120;  1 drivers
# The file index is used to find the file name in the following table.
:file_names 3;
    "N/A";
    "<interactive>";
    "lab01.v";
